2019-12-26 02:05:46,746 p=test1 u=5648 | PLAY [server2.abc.com] *********************************************************
2019-12-26 02:05:46,807 p=test1 u=5648 | TASK [Gathering Facts] *********************************************************
2019-12-26 02:05:50,738 p=test1 u=5648 | ok: [server2.abc.com]
2019-12-26 02:05:50,937 p=test1 u=5648 | TASK [webserver : Install httpd package] ***************************************
2019-12-26 02:05:53,922 p=test1 u=5648 | ok: [server2.abc.com]
2019-12-26 02:05:54,005 p=test1 u=5648 | TASK [webserver : copy index.html] *********************************************
2019-12-26 02:05:58,634 p=test1 u=5648 | ok: [server2.abc.com]
2019-12-26 02:05:58,719 p=test1 u=5648 | TASK [webserver : start httpd service] *****************************************
2019-12-26 02:06:01,692 p=test1 u=5648 | ok: [server2.abc.com]
2019-12-26 02:06:01,774 p=test1 u=5648 | TASK [geerlingguy.git : Ensure git is installed (RedHat).] *********************
2019-12-26 02:06:04,038 p=test1 u=5648 | ok: [server2.abc.com]
2019-12-26 02:06:04,120 p=test1 u=5648 | TASK [geerlingguy.git : Update apt cache (Debian).] ****************************
2019-12-26 02:06:04,247 p=test1 u=5648 | skipping: [server2.abc.com]
2019-12-26 02:06:04,331 p=test1 u=5648 | TASK [geerlingguy.git : Ensure git is installed (Debian).] *********************
2019-12-26 02:06:04,463 p=test1 u=5648 | skipping: [server2.abc.com]
2019-12-26 02:06:04,555 p=test1 u=5648 | TASK [geerlingguy.git : Include OS-specific variables (RedHat).] ***************
2019-12-26 02:06:04,689 p=test1 u=5648 | skipping: [server2.abc.com]
2019-12-26 02:06:04,805 p=test1 u=5648 | TASK [geerlingguy.git : Include OS-specific variables (Fedora).] ***************
2019-12-26 02:06:04,942 p=test1 u=5648 | skipping: [server2.abc.com]
2019-12-26 02:06:05,041 p=test1 u=5648 | TASK [geerlingguy.git : Include OS-specific variables (Debian).] ***************
2019-12-26 02:06:05,164 p=test1 u=5648 | skipping: [server2.abc.com]
2019-12-26 02:06:05,250 p=test1 u=5648 | TASK [geerlingguy.git : Define git_install_from_source_dependencies.] **********
2019-12-26 02:06:05,368 p=test1 u=5648 | skipping: [server2.abc.com]
2019-12-26 02:06:05,450 p=test1 u=5648 | TASK [geerlingguy.git : Ensure git's dependencies are installed.] **************
2019-12-26 02:06:05,577 p=test1 u=5648 | skipping: [server2.abc.com]
2019-12-26 02:06:05,662 p=test1 u=5648 | TASK [geerlingguy.git : Get installed version.] ********************************
2019-12-26 02:06:05,795 p=test1 u=5648 | skipping: [server2.abc.com]
2019-12-26 02:06:05,898 p=test1 u=5648 | TASK [geerlingguy.git : Force git install if the version numbers do not match.] ***
2019-12-26 02:06:06,029 p=test1 u=5648 | skipping: [server2.abc.com]
2019-12-26 02:06:06,126 p=test1 u=5648 | TASK [geerlingguy.git : Download git.] *****************************************
2019-12-26 02:06:06,258 p=test1 u=5648 | skipping: [server2.abc.com]
2019-12-26 02:06:06,350 p=test1 u=5648 | TASK [geerlingguy.git : Expand git archive.] ***********************************
2019-12-26 02:06:06,467 p=test1 u=5648 | skipping: [server2.abc.com]
2019-12-26 02:06:06,555 p=test1 u=5648 | TASK [geerlingguy.git : Build git.] ********************************************
2019-12-26 02:06:06,745 p=test1 u=5648 | skipping: [server2.abc.com] => (item=all) 
2019-12-26 02:06:06,747 p=test1 u=5648 | skipping: [server2.abc.com] => (item=install) 
2019-12-26 02:06:06,762 p=test1 u=5648 | PLAY RECAP *********************************************************************
2019-12-26 02:06:06,763 p=test1 u=5648 | server2.abc.com            : ok=5    changed=0    unreachable=0    failed=0    skipped=12   rescued=0    ignored=0   
2019-12-26 02:12:18,135 p=test1 u=5893 | PLAY [webserver] ***************************************************************
2019-12-26 02:12:18,173 p=test1 u=5893 | TASK [Gathering Facts] *********************************************************
2019-12-26 02:12:18,481 p=test1 u=5893 | fatal: [server1.abc.com]: UNREACHABLE! => {"changed": false, "msg": "Failed to connect to the host via ssh: Warning: Permanently added the ECDSA host key for IP address '192.168.0.7' to the list of known hosts.\r\nPermission denied (publickey,gssapi-keyex,gssapi-with-mic,password).", "unreachable": true}
2019-12-26 02:12:23,426 p=test1 u=5893 | ok: [server2.abc.com]
2019-12-26 02:12:23,520 p=test1 u=5893 | TASK [Install httpd package] ***************************************************
2019-12-26 02:12:27,640 p=test1 u=5893 | ok: [server2.abc.com]
2019-12-26 02:12:27,720 p=test1 u=5893 | TASK [Copy index.html] *********************************************************
2019-12-26 02:12:32,811 p=test1 u=5893 | changed: [server2.abc.com]
2019-12-26 02:12:32,891 p=test1 u=5893 | TASK [Start httpd service] *****************************************************
2019-12-26 02:12:36,432 p=test1 u=5893 | ok: [server2.abc.com]
2019-12-26 02:12:36,439 p=test1 u=5893 | PLAY RECAP *********************************************************************
2019-12-26 02:12:36,440 p=test1 u=5893 | server1.abc.com            : ok=0    changed=0    unreachable=1    failed=0    skipped=0    rescued=0    ignored=0   
2019-12-26 02:12:36,440 p=test1 u=5893 | server2.abc.com            : ok=4    changed=1    unreachable=0    failed=0    skipped=0    rescued=0    ignored=0   
2019-12-26 02:13:12,014 p=test1 u=5986 | PLAY [webserver] ***************************************************************
2019-12-26 02:13:12,056 p=test1 u=5986 | TASK [Gathering Facts] *********************************************************
2019-12-26 02:13:12,878 p=test1 u=5986 | fatal: [server3.abc.com]: UNREACHABLE! => {"changed": false, "msg": "Failed to connect to the host via ssh: ssh: Could not resolve hostname server3.abc.com: Name or service not known", "unreachable": true}
2019-12-26 02:13:16,762 p=test1 u=5986 | ok: [server2.abc.com]
2019-12-26 02:13:16,860 p=test1 u=5986 | TASK [Install httpd package] ***************************************************
2019-12-26 02:13:20,770 p=test1 u=5986 | ok: [server2.abc.com]
2019-12-26 02:13:20,933 p=test1 u=5986 | TASK [Copy index.html in /var/www/html] ****************************************
2019-12-26 02:13:25,950 p=test1 u=5986 | ok: [server2.abc.com]
2019-12-26 02:13:26,036 p=test1 u=5986 | TASK [Start httpd service] *****************************************************
2019-12-26 02:13:29,393 p=test1 u=5986 | ok: [server2.abc.com]
2019-12-26 02:13:29,400 p=test1 u=5986 | PLAY RECAP *********************************************************************
2019-12-26 02:13:29,401 p=test1 u=5986 | server2.abc.com            : ok=4    changed=0    unreachable=0    failed=0    skipped=0    rescued=0    ignored=0   
2019-12-26 02:13:29,401 p=test1 u=5986 | server3.abc.com            : ok=0    changed=0    unreachable=1    failed=0    skipped=0    rescued=0    ignored=0   
2019-12-26 02:31:01,999 p=test1 u=6213 | Encryption successful
2019-12-26 02:31:21,166 p=test1 u=6246 | ERROR! Attempting to decrypt but no vault secrets found
2019-12-26 02:31:33,767 p=test1 u=6254 | PLAY [webserver] ***************************************************************
2019-12-26 02:31:33,805 p=test1 u=6254 | TASK [Gathering Facts] *********************************************************
2019-12-26 02:31:38,681 p=test1 u=6254 | ok: [server2.abc.com]
2019-12-26 02:31:38,771 p=test1 u=6254 | TASK [Install httpd package] ***************************************************
2019-12-26 02:31:42,285 p=test1 u=6254 | ok: [server2.abc.com]
2019-12-26 02:31:42,443 p=test1 u=6254 | TASK [Copy index.html in /var/www/html] ****************************************
2019-12-26 02:31:47,171 p=test1 u=6254 | ok: [server2.abc.com]
2019-12-26 02:31:47,252 p=test1 u=6254 | TASK [Start httpd service] *****************************************************
2019-12-26 02:31:50,947 p=test1 u=6254 | ok: [server2.abc.com]
2019-12-26 02:31:50,953 p=test1 u=6254 | PLAY RECAP *********************************************************************
2019-12-26 02:31:50,954 p=test1 u=6254 | server2.abc.com            : ok=4    changed=0    unreachable=0    failed=0    skipped=0    rescued=0    ignored=0   
2019-12-26 02:32:55,943 p=test1 u=6322 | ERROR! the playbook: decrypt could not be found
2019-12-26 02:33:10,426 p=test1 u=6327 | Decryption successful
2019-12-26 02:37:01,446 p=test1 u=6372 | Encryption successful
2019-12-26 02:37:35,660 p=test1 u=6393 | ERROR! A playbook must be a list of plays, got a <class 'ansible.parsing.yaml.objects.AnsibleUnicode'> instead

The error appears to be in '/home/test1/playbook/site.yml': line 1, column 1, but may
be elsewhere in the file depending on the exact syntax problem.

The offending line appears to be:


redhat
^ here

2019-12-26 02:38:33,063 p=test1 u=6418 | ERROR! A playbook must be a list of plays, got a <class 'ansible.parsing.yaml.objects.AnsibleUnicode'> instead

The error appears to be in '/home/test1/playbook/site.yml': line 2, column 1, but may
be elsewhere in the file depending on the exact syntax problem.

The offending line appears to be:

---
redhat
^ here

2019-12-26 02:40:46,732 p=test1 u=6464 | ERROR! A playbook must be a list of plays, got a <class 'ansible.parsing.yaml.objects.AnsibleUnicode'> instead

The error appears to be in '/home/test1/playbook/site.yml': line 2, column 1, but may
be elsewhere in the file depending on the exact syntax problem.

The offending line appears to be:

---
redhat
^ here

2019-12-26 07:31:35,440 p=test1 u=10977 | Decryption successful
2019-12-26 07:56:53,909 p=root u=11349 | [WARNING]: module wait not found in: /root/.ansible/plugins/modules:/usr/share/
ansible/plugins/modules:/usr/lib/python2.7/site-packages/ansible/modules

2019-12-30 01:58:25,986 p=test1 u=4736 | server2.abc.com | SUCCESS => {
    "ansible_facts": {
        "ansible_all_ipv4_addresses": [
            "192.168.0.107", 
            "192.168.122.1"
        ], 
        "ansible_all_ipv6_addresses": [
            "fe80::4cb2:9fb3:b337:c453", 
            "fe80::ae6a:91e0:6cfa:9437"
        ], 
        "ansible_apparmor": {
            "status": "disabled"
        }, 
        "ansible_architecture": "x86_64", 
        "ansible_bios_date": "12/01/2006", 
        "ansible_bios_version": "VirtualBox", 
        "ansible_cmdline": {
            "BOOT_IMAGE": "/vmlinuz-3.10.0-957.el7.x86_64", 
            "LANG": "en_US.UTF-8", 
            "crashkernel": "auto", 
            "quiet": true, 
            "rd.lvm.lv": "centos/swap", 
            "rhgb": true, 
            "ro": true, 
            "root": "/dev/mapper/centos-root"
        }, 
        "ansible_date_time": {
            "date": "2019-12-30", 
            "day": "30", 
            "epoch": "1577689105", 
            "hour": "01", 
            "iso8601": "2019-12-30T06:58:25Z", 
            "iso8601_basic": "20191230T015825649072", 
            "iso8601_basic_short": "20191230T015825", 
            "iso8601_micro": "2019-12-30T06:58:25.649399Z", 
            "minute": "58", 
            "month": "12", 
            "second": "25", 
            "time": "01:58:25", 
            "tz": "EST", 
            "tz_offset": "-0500", 
            "weekday": "Monday", 
            "weekday_number": "1", 
            "weeknumber": "52", 
            "year": "2019"
        }, 
        "ansible_default_ipv4": {
            "address": "192.168.0.107", 
            "alias": "enp0s3", 
            "broadcast": "192.168.0.255", 
            "gateway": "192.168.0.1", 
            "interface": "enp0s3", 
            "macaddress": "08:00:27:81:46:93", 
            "mtu": 1500, 
            "netmask": "255.255.255.0", 
            "network": "192.168.0.0", 
            "type": "ether"
        }, 
        "ansible_default_ipv6": {
            "address": "fe80::ae6a:91e0:6cfa:9437", 
            "gateway": "fe80::e66f:13ff:feab:4733", 
            "interface": "enp0s3", 
            "macaddress": "08:00:27:81:46:93", 
            "mtu": 1500, 
            "prefix": "64", 
            "scope": "link", 
            "type": "ether"
        }, 
        "ansible_device_links": {
            "ids": {
                "dm-0": [
                    "dm-name-centos-root", 
                    "dm-uuid-LVM-YOppapVUM5nwh8HKi97mjSVQo2wh41BbP9wcqa0amLGr2zjgMLcyvkEP189DcCZY"
                ], 
                "dm-1": [
                    "dm-name-centos-swap", 
                    "dm-uuid-LVM-YOppapVUM5nwh8HKi97mjSVQo2wh41BbgrDM7wDrT0FFe9TZ3HRKF4nwatMHgd9p"
                ], 
                "sda": [
                    "ata-VBOX_HARDDISK_VB046a2539-c4bd0562"
                ], 
                "sda1": [
                    "ata-VBOX_HARDDISK_VB046a2539-c4bd0562-part1"
                ], 
                "sda2": [
                    "ata-VBOX_HARDDISK_VB046a2539-c4bd0562-part2", 
                    "lvm-pv-uuid-redmQ8-Omm6-OUQG-kCBT-wK0Q-MlAg-Gr3lf3"
                ], 
                "sr0": [
                    "ata-VBOX_CD-ROM_VB0-01f003f6"
                ], 
                "sr1": [
                    "ata-VBOX_CD-ROM_VB2-01700376"
                ]
            }, 
            "labels": {}, 
            "masters": {
                "sda2": [
                    "dm-0", 
                    "dm-1"
                ]
            }, 
            "uuids": {
                "dm-0": [
                    "7c16b553-2af6-4c03-8a1f-48c9a4566778"
                ], 
                "dm-1": [
                    "3d4f5158-4c9f-444c-b027-b825f76d2cd2"
                ], 
                "sda1": [
                    "13a4cfc1-cfe7-4c95-a439-015f0e92175f"
                ]
            }
        }, 
        "ansible_devices": {
            "dm-0": {
                "holders": [], 
                "host": "", 
                "links": {
                    "ids": [
                        "dm-name-centos-root", 
                        "dm-uuid-LVM-YOppapVUM5nwh8HKi97mjSVQo2wh41BbP9wcqa0amLGr2zjgMLcyvkEP189DcCZY"
                    ], 
                    "labels": [], 
                    "masters": [], 
                    "uuids": [
                        "7c16b553-2af6-4c03-8a1f-48c9a4566778"
                    ]
                }, 
                "model": null, 
                "partitions": {}, 
                "removable": "0", 
                "rotational": "1", 
                "sas_address": null, 
                "sas_device_handle": null, 
                "scheduler_mode": "", 
                "sectors": "12992512", 
                "sectorsize": "512", 
                "size": "6.20 GB", 
                "support_discard": "0", 
                "vendor": null, 
                "virtual": 1
            }, 
            "dm-1": {
                "holders": [], 
                "host": "", 
                "links": {
                    "ids": [
                        "dm-name-centos-swap", 
                        "dm-uuid-LVM-YOppapVUM5nwh8HKi97mjSVQo2wh41BbgrDM7wDrT0FFe9TZ3HRKF4nwatMHgd9p"
                    ], 
                    "labels": [], 
                    "masters": [], 
                    "uuids": [
                        "3d4f5158-4c9f-444c-b027-b825f76d2cd2"
                    ]
                }, 
                "model": null, 
                "partitions": {}, 
                "removable": "0", 
                "rotational": "1", 
                "sas_address": null, 
                "sas_device_handle": null, 
                "scheduler_mode": "", 
                "sectors": "1679360", 
                "sectorsize": "512", 
                "size": "820.00 MB", 
                "support_discard": "0", 
                "vendor": null, 
                "virtual": 1
            }, 
            "sda": {
                "holders": [], 
                "host": "SATA controller: Intel Corporation 82801HM/HEM (ICH8M/ICH8M-E) SATA Controller [AHCI mode] (rev 02)", 
                "links": {
                    "ids": [
                        "ata-VBOX_HARDDISK_VB046a2539-c4bd0562"
                    ], 
                    "labels": [], 
                    "masters": [], 
                    "uuids": []
                }, 
                "model": "VBOX HARDDISK", 
                "partitions": {
                    "sda1": {
                        "holders": [], 
                        "links": {
                            "ids": [
                                "ata-VBOX_HARDDISK_VB046a2539-c4bd0562-part1"
                            ], 
                            "labels": [], 
                            "masters": [], 
                            "uuids": [
                                "13a4cfc1-cfe7-4c95-a439-015f0e92175f"
                            ]
                        }, 
                        "sectors": "2097152", 
                        "sectorsize": 512, 
                        "size": "1.00 GB", 
                        "start": "2048", 
                        "uuid": "13a4cfc1-cfe7-4c95-a439-015f0e92175f"
                    }, 
                    "sda2": {
                        "holders": [
                            "centos-root", 
                            "centos-swap"
                        ], 
                        "links": {
                            "ids": [
                                "ata-VBOX_HARDDISK_VB046a2539-c4bd0562-part2", 
                                "lvm-pv-uuid-redmQ8-Omm6-OUQG-kCBT-wK0Q-MlAg-Gr3lf3"
                            ], 
                            "labels": [], 
                            "masters": [
                                "dm-0", 
                                "dm-1"
                            ], 
                            "uuids": []
                        }, 
                        "sectors": "14678016", 
                        "sectorsize": 512, 
                        "size": "7.00 GB", 
                        "start": "2099200", 
                        "uuid": null
                    }
                }, 
                "removable": "0", 
                "rotational": "1", 
                "sas_address": null, 
                "sas_device_handle": null, 
                "scheduler_mode": "deadline", 
                "sectors": "16777216", 
                "sectorsize": "512", 
                "size": "8.00 GB", 
                "support_discard": "0", 
                "vendor": "ATA", 
                "virtual": 1
            }, 
            "sr0": {
                "holders": [], 
                "host": "IDE interface: Intel Corporation 82371AB/EB/MB PIIX4 IDE (rev 01)", 
                "links": {
                    "ids": [
                        "ata-VBOX_CD-ROM_VB0-01f003f6"
                    ], 
                    "labels": [], 
                    "masters": [], 
                    "uuids": []
                }, 
                "model": "CD-ROM", 
                "partitions": {}, 
                "removable": "1", 
                "rotational": "1", 
                "sas_address": null, 
                "sas_device_handle": null, 
                "scheduler_mode": "deadline", 
                "sectors": "2097151", 
                "sectorsize": "512", 
                "size": "1024.00 MB", 
                "support_discard": "0", 
                "vendor": "VBOX", 
                "virtual": 1
            }, 
            "sr1": {
                "holders": [], 
                "host": "IDE interface: Intel Corporation 82371AB/EB/MB PIIX4 IDE (rev 01)", 
                "links": {
                    "ids": [
                        "ata-VBOX_CD-ROM_VB2-01700376"
                    ], 
                    "labels": [], 
                    "masters": [], 
                    "uuids": []
                }, 
                "model": "CD-ROM", 
                "partitions": {}, 
                "removable": "1", 
                "rotational": "1", 
                "sas_address": null, 
                "sas_device_handle": null, 
                "scheduler_mode": "deadline", 
                "sectors": "2097151", 
                "sectorsize": "512", 
                "size": "1024.00 MB", 
                "support_discard": "0", 
                "vendor": "VBOX", 
                "virtual": 1
            }
        }, 
        "ansible_distribution": "CentOS", 
        "ansible_distribution_file_parsed": true, 
        "ansible_distribution_file_path": "/etc/redhat-release", 
        "ansible_distribution_file_variety": "RedHat", 
        "ansible_distribution_major_version": "7", 
        "ansible_distribution_release": "Core", 
        "ansible_distribution_version": "7.6", 
        "ansible_dns": {
            "nameservers": [
                "202.88.174.6", 
                "202.88.174.8"
            ], 
            "search": [
                "domain.name", 
                "abc.com"
            ]
        }, 
        "ansible_domain": "abc.com", 
        "ansible_effective_group_id": 1004, 
        "ansible_effective_user_id": 1004, 
        "ansible_enp0s3": {
            "active": true, 
            "device": "enp0s3", 
            "features": {
                "busy_poll": "off [fixed]", 
                "fcoe_mtu": "off [fixed]", 
                "generic_receive_offload": "on", 
                "generic_segmentation_offload": "on", 
                "highdma": "off [fixed]", 
                "hw_tc_offload": "off [fixed]", 
                "l2_fwd_offload": "off [fixed]", 
                "large_receive_offload": "off [fixed]", 
                "loopback": "off [fixed]", 
                "netns_local": "off [fixed]", 
                "ntuple_filters": "off [fixed]", 
                "receive_hashing": "off [fixed]", 
                "rx_all": "off", 
                "rx_checksumming": "off", 
                "rx_fcs": "off", 
                "rx_gro_hw": "off [fixed]", 
                "rx_udp_tunnel_port_offload": "off [fixed]", 
                "rx_vlan_filter": "on [fixed]", 
                "rx_vlan_offload": "on", 
                "rx_vlan_stag_filter": "off [fixed]", 
                "rx_vlan_stag_hw_parse": "off [fixed]", 
                "scatter_gather": "on", 
                "tcp_segmentation_offload": "on", 
                "tx_checksum_fcoe_crc": "off [fixed]", 
                "tx_checksum_ip_generic": "on", 
                "tx_checksum_ipv4": "off [fixed]", 
                "tx_checksum_ipv6": "off [fixed]", 
                "tx_checksum_sctp": "off [fixed]", 
                "tx_checksumming": "on", 
                "tx_fcoe_segmentation": "off [fixed]", 
                "tx_gre_csum_segmentation": "off [fixed]", 
                "tx_gre_segmentation": "off [fixed]", 
                "tx_gso_partial": "off [fixed]", 
                "tx_gso_robust": "off [fixed]", 
                "tx_ipip_segmentation": "off [fixed]", 
                "tx_lockless": "off [fixed]", 
                "tx_nocache_copy": "off", 
                "tx_scatter_gather": "on", 
                "tx_scatter_gather_fraglist": "off [fixed]", 
                "tx_sctp_segmentation": "off [fixed]", 
                "tx_sit_segmentation": "off [fixed]", 
                "tx_tcp6_segmentation": "off [fixed]", 
                "tx_tcp_ecn_segmentation": "off [fixed]", 
                "tx_tcp_mangleid_segmentation": "off", 
                "tx_tcp_segmentation": "on", 
                "tx_udp_tnl_csum_segmentation": "off [fixed]", 
                "tx_udp_tnl_segmentation": "off [fixed]", 
                "tx_vlan_offload": "on [fixed]", 
                "tx_vlan_stag_hw_insert": "off [fixed]", 
                "udp_fragmentation_offload": "off [fixed]", 
                "vlan_challenged": "off [fixed]"
            }, 
            "hw_timestamp_filters": [], 
            "ipv4": {
                "address": "192.168.0.107", 
                "broadcast": "192.168.0.255", 
                "netmask": "255.255.255.0", 
                "network": "192.168.0.0"
            }, 
            "ipv6": [
                {
                    "address": "fe80::4cb2:9fb3:b337:c453", 
                    "prefix": "64", 
                    "scope": "link"
                }, 
                {
                    "address": "fe80::ae6a:91e0:6cfa:9437", 
                    "prefix": "64", 
                    "scope": "link"
                }
            ], 
            "macaddress": "08:00:27:81:46:93", 
            "module": "e1000", 
            "mtu": 1500, 
            "pciid": "0000:00:03.0", 
            "promisc": false, 
            "speed": 1000, 
            "timestamping": [
                "tx_software", 
                "rx_software", 
                "software"
            ], 
            "type": "ether"
        }, 
        "ansible_env": {
            "HOME": "/home/test1", 
            "LANG": "en_US.UTF-8", 
            "LESSOPEN": "||/usr/bin/lesspipe.sh %s", 
            "LOGNAME": "test1", 
            "LS_COLORS": "rs=0:di=01;34:ln=01;36:mh=00:pi=40;33:so=01;35:do=01;35:bd=40;33;01:cd=40;33;01:or=40;31;01:mi=01;05;37;41:su=37;41:sg=30;43:ca=30;41:tw=30;42:ow=34;42:st=37;44:ex=01;32:*.tar=01;31:*.tgz=01;31:*.arc=01;31:*.arj=01;31:*.taz=01;31:*.lha=01;31:*.lz4=01;31:*.lzh=01;31:*.lzma=01;31:*.tlz=01;31:*.txz=01;31:*.tzo=01;31:*.t7z=01;31:*.zip=01;31:*.z=01;31:*.Z=01;31:*.dz=01;31:*.gz=01;31:*.lrz=01;31:*.lz=01;31:*.lzo=01;31:*.xz=01;31:*.bz2=01;31:*.bz=01;31:*.tbz=01;31:*.tbz2=01;31:*.tz=01;31:*.deb=01;31:*.rpm=01;31:*.jar=01;31:*.war=01;31:*.ear=01;31:*.sar=01;31:*.rar=01;31:*.alz=01;31:*.ace=01;31:*.zoo=01;31:*.cpio=01;31:*.7z=01;31:*.rz=01;31:*.cab=01;31:*.jpg=01;35:*.jpeg=01;35:*.gif=01;35:*.bmp=01;35:*.pbm=01;35:*.pgm=01;35:*.ppm=01;35:*.tga=01;35:*.xbm=01;35:*.xpm=01;35:*.tif=01;35:*.tiff=01;35:*.png=01;35:*.svg=01;35:*.svgz=01;35:*.mng=01;35:*.pcx=01;35:*.mov=01;35:*.mpg=01;35:*.mpeg=01;35:*.m2v=01;35:*.mkv=01;35:*.webm=01;35:*.ogm=01;35:*.mp4=01;35:*.m4v=01;35:*.mp4v=01;35:*.vob=01;35:*.qt=01;35:*.nuv=01;35:*.wmv=01;35:*.asf=01;35:*.rm=01;35:*.rmvb=01;35:*.flc=01;35:*.avi=01;35:*.fli=01;35:*.flv=01;35:*.gl=01;35:*.dl=01;35:*.xcf=01;35:*.xwd=01;35:*.yuv=01;35:*.cgm=01;35:*.emf=01;35:*.axv=01;35:*.anx=01;35:*.ogv=01;35:*.ogx=01;35:*.aac=01;36:*.au=01;36:*.flac=01;36:*.mid=01;36:*.midi=01;36:*.mka=01;36:*.mp3=01;36:*.mpc=01;36:*.ogg=01;36:*.ra=01;36:*.wav=01;36:*.axa=01;36:*.oga=01;36:*.spx=01;36:*.xspf=01;36:", 
            "MAIL": "/var/mail/test1", 
            "PATH": "/usr/local/bin:/usr/bin", 
            "PWD": "/home/test1", 
            "SHELL": "/bin/bash", 
            "SHLVL": "2", 
            "SSH_CLIENT": "192.168.0.108 57016 22", 
            "SSH_CONNECTION": "192.168.0.108 57016 192.168.0.107 22", 
            "SSH_TTY": "/dev/pts/3", 
            "TERM": "xterm", 
            "USER": "test1", 
            "XDG_DATA_DIRS": "/home/test1/.local/share/flatpak/exports/share:/var/lib/flatpak/exports/share:/usr/local/share:/usr/share", 
            "XDG_RUNTIME_DIR": "/run/user/1004", 
            "XDG_SESSION_ID": "9", 
            "_": "/usr/bin/python"
        }, 
        "ansible_fibre_channel_wwn": [], 
        "ansible_fips": false, 
        "ansible_form_factor": "Other", 
        "ansible_fqdn": "server2.abc.com", 
        "ansible_hostname": "server2", 
        "ansible_hostnqn": "", 
        "ansible_interfaces": [
            "lo", 
            "enp0s3", 
            "virbr0-nic", 
            "virbr0"
        ], 
        "ansible_is_chroot": true, 
        "ansible_iscsi_iqn": "iqn.1994-05.com.redhat:23f1ac83d5f", 
        "ansible_kernel": "3.10.0-957.el7.x86_64", 
        "ansible_kernel_version": "#1 SMP Thu Nov 8 23:39:32 UTC 2018", 
        "ansible_lo": {
            "active": true, 
            "device": "lo", 
            "features": {
                "busy_poll": "off [fixed]", 
                "fcoe_mtu": "off [fixed]", 
                "generic_receive_offload": "on", 
                "generic_segmentation_offload": "on", 
                "highdma": "on [fixed]", 
                "hw_tc_offload": "off [fixed]", 
                "l2_fwd_offload": "off [fixed]", 
                "large_receive_offload": "off [fixed]", 
                "loopback": "on [fixed]", 
                "netns_local": "on [fixed]", 
                "ntuple_filters": "off [fixed]", 
                "receive_hashing": "off [fixed]", 
                "rx_all": "off [fixed]", 
                "rx_checksumming": "on [fixed]", 
                "rx_fcs": "off [fixed]", 
                "rx_gro_hw": "off [fixed]", 
                "rx_udp_tunnel_port_offload": "off [fixed]", 
                "rx_vlan_filter": "off [fixed]", 
                "rx_vlan_offload": "off [fixed]", 
                "rx_vlan_stag_filter": "off [fixed]", 
                "rx_vlan_stag_hw_parse": "off [fixed]", 
                "scatter_gather": "on", 
                "tcp_segmentation_offload": "on", 
                "tx_checksum_fcoe_crc": "off [fixed]", 
                "tx_checksum_ip_generic": "on [fixed]", 
                "tx_checksum_ipv4": "off [fixed]", 
                "tx_checksum_ipv6": "off [fixed]", 
                "tx_checksum_sctp": "on [fixed]", 
                "tx_checksumming": "on", 
                "tx_fcoe_segmentation": "off [fixed]", 
                "tx_gre_csum_segmentation": "off [fixed]", 
                "tx_gre_segmentation": "off [fixed]", 
                "tx_gso_partial": "off [fixed]", 
                "tx_gso_robust": "off [fixed]", 
                "tx_ipip_segmentation": "off [fixed]", 
                "tx_lockless": "on [fixed]", 
                "tx_nocache_copy": "off [fixed]", 
                "tx_scatter_gather": "on [fixed]", 
                "tx_scatter_gather_fraglist": "on [fixed]", 
                "tx_sctp_segmentation": "on", 
                "tx_sit_segmentation": "off [fixed]", 
                "tx_tcp6_segmentation": "on", 
                "tx_tcp_ecn_segmentation": "on", 
                "tx_tcp_mangleid_segmentation": "on", 
                "tx_tcp_segmentation": "on", 
                "tx_udp_tnl_csum_segmentation": "off [fixed]", 
                "tx_udp_tnl_segmentation": "off [fixed]", 
                "tx_vlan_offload": "off [fixed]", 
                "tx_vlan_stag_hw_insert": "off [fixed]", 
                "udp_fragmentation_offload": "on", 
                "vlan_challenged": "on [fixed]"
            }, 
            "hw_timestamp_filters": [], 
            "ipv4": {
                "address": "127.0.0.1", 
                "broadcast": "host", 
                "netmask": "255.0.0.0", 
                "network": "127.0.0.0"
            }, 
            "ipv6": [
                {
                    "address": "::1", 
                    "prefix": "128", 
                    "scope": "host"
                }
            ], 
            "mtu": 65536, 
            "promisc": false, 
            "timestamping": [
                "rx_software", 
                "software"
            ], 
            "type": "loopback"
        }, 
        "ansible_local": {}, 
        "ansible_lsb": {}, 
        "ansible_machine": "x86_64", 
        "ansible_machine_id": "efb6e75ef16747058263b9c97b28085c", 
        "ansible_memfree_mb": 68, 
        "ansible_memory_mb": {
            "nocache": {
                "free": 412, 
                "used": 579
            }, 
            "real": {
                "free": 68, 
                "total": 991, 
                "used": 923
            }, 
            "swap": {
                "cached": 0, 
                "free": 818, 
                "total": 819, 
                "used": 1
            }
        }, 
        "ansible_memtotal_mb": 991, 
        "ansible_mounts": [
            {
                "block_available": 217312, 
                "block_size": 4096, 
                "block_total": 259584, 
                "block_used": 42272, 
                "device": "/dev/sda1", 
                "fstype": "xfs", 
                "inode_available": 523948, 
                "inode_total": 524288, 
                "inode_used": 340, 
                "mount": "/boot", 
                "options": "rw,relatime,attr2,inode64,noquota", 
                "size_available": 890109952, 
                "size_total": 1063256064, 
                "uuid": "13a4cfc1-cfe7-4c95-a439-015f0e92175f"
            }, 
            {
                "block_available": 307590, 
                "block_size": 4096, 
                "block_total": 1621504, 
                "block_used": 1313914, 
                "device": "/dev/mapper/centos-root", 
                "fstype": "xfs", 
                "inode_available": 2460924, 
                "inode_total": 2591408, 
                "inode_used": 130484, 
                "mount": "/", 
                "options": "rw,relatime,attr2,inode64,noquota", 
                "size_available": 1259888640, 
                "size_total": 6641680384, 
                "uuid": "7c16b553-2af6-4c03-8a1f-48c9a4566778"
            }
        ], 
        "ansible_nodename": "server2.abc.com", 
        "ansible_os_family": "RedHat", 
        "ansible_pkg_mgr": "yum", 
        "ansible_proc_cmdline": {
            "BOOT_IMAGE": "/vmlinuz-3.10.0-957.el7.x86_64", 
            "LANG": "en_US.UTF-8", 
            "crashkernel": "auto", 
            "quiet": true, 
            "rd.lvm.lv": [
                "centos/root", 
                "centos/swap"
            ], 
            "rhgb": true, 
            "ro": true, 
            "root": "/dev/mapper/centos-root"
        }, 
        "ansible_processor": [
            "0", 
            "GenuineIntel", 
            "Intel(R) Core(TM) i5-6200U CPU @ 2.30GHz"
        ], 
        "ansible_processor_cores": 1, 
        "ansible_processor_count": 1, 
        "ansible_processor_threads_per_core": 1, 
        "ansible_processor_vcpus": 1, 
        "ansible_product_name": "VirtualBox", 
        "ansible_product_serial": "NA", 
        "ansible_product_uuid": "NA", 
        "ansible_product_version": "1.2", 
        "ansible_python": {
            "executable": "/usr/bin/python", 
            "has_sslcontext": true, 
            "type": "CPython", 
            "version": {
                "major": 2, 
                "micro": 5, 
                "minor": 7, 
                "releaselevel": "final", 
                "serial": 0
            }, 
            "version_info": [
                2, 
                7, 
                5, 
                "final", 
                0
            ]
        }, 
        "ansible_python_version": "2.7.5", 
        "ansible_real_group_id": 1004, 
        "ansible_real_user_id": 1004, 
        "ansible_selinux": {
            "status": "disabled"
        }, 
        "ansible_selinux_python_present": true, 
        "ansible_service_mgr": "systemd", 
        "ansible_ssh_host_key_ecdsa_public": "AAAAE2VjZHNhLXNoYTItbmlzdHAyNTYAAAAIbmlzdHAyNTYAAABBBAF9dQWNfUmWjObdjyBpw68Ha4zhPjTgXWHwOb8JpnuQHoiB8mrHyeph5cHer7Zh/q6YL+ZDXp0Yvoesift1fn8=", 
        "ansible_ssh_host_key_ed25519_public": "AAAAC3NzaC1lZDI1NTE5AAAAIIz8jgVJTu7juxrA9YE3SCLFbt5OtJEgi2e/An1+HUwL", 
        "ansible_ssh_host_key_rsa_public": "AAAAB3NzaC1yc2EAAAADAQABAAABAQCyU60Rha72BzSVTJtPbNfQzE9M1LLD/zyHMJ/YsF2piANm/LuK23TNjfOu1/QovMgIkgbNUKyW+850DIEXcKdJg57gLN8HoRgfjakmhYPLCwzDmKbaGA7JB5iDo4x95il68Kci9AML4Q5sgtU+ZvfGMNY49OQVPSbZX+P3vASHLRDjLWylBI8rSCdhGKHdBHrIE8z5RfH5z5+P5wq25Y/y42WFe6e7kKQIITzIG7nakKUCzpnFV1vtKA4rqAfEzv38pZCnJHMsNvOwlndmNH09VWHHh3ECsBAaP8b8u+grIPvL4xf77GpJCcSbnnQui+qaHSDh0CZP3fl9Sb35QPtz", 
        "ansible_swapfree_mb": 818, 
        "ansible_swaptotal_mb": 819, 
        "ansible_system": "Linux", 
        "ansible_system_capabilities": [
            ""
        ], 
        "ansible_system_capabilities_enforced": "True", 
        "ansible_system_vendor": "innotek GmbH", 
        "ansible_uptime_seconds": 3378, 
        "ansible_user_dir": "/home/test1", 
        "ansible_user_gecos": "", 
        "ansible_user_gid": 1004, 
        "ansible_user_id": "test1", 
        "ansible_user_shell": "/bin/bash", 
        "ansible_user_uid": 1004, 
        "ansible_userspace_architecture": "x86_64", 
        "ansible_userspace_bits": "64", 
        "ansible_virbr0": {
            "active": false, 
            "device": "virbr0", 
            "features": {
                "busy_poll": "off [fixed]", 
                "fcoe_mtu": "off [fixed]", 
                "generic_receive_offload": "on", 
                "generic_segmentation_offload": "on", 
                "highdma": "off [requested on]", 
                "hw_tc_offload": "off [fixed]", 
                "l2_fwd_offload": "off [fixed]", 
                "large_receive_offload": "off [fixed]", 
                "loopback": "off [fixed]", 
                "netns_local": "on [fixed]", 
                "ntuple_filters": "off [fixed]", 
                "receive_hashing": "off [fixed]", 
                "rx_all": "off [fixed]", 
                "rx_checksumming": "off [fixed]", 
                "rx_fcs": "off [fixed]", 
                "rx_gro_hw": "off [fixed]", 
                "rx_udp_tunnel_port_offload": "off [fixed]", 
                "rx_vlan_filter": "off [fixed]", 
                "rx_vlan_offload": "off [fixed]", 
                "rx_vlan_stag_filter": "off [fixed]", 
                "rx_vlan_stag_hw_parse": "off [fixed]", 
                "scatter_gather": "on", 
                "tcp_segmentation_offload": "on", 
                "tx_checksum_fcoe_crc": "off [fixed]", 
                "tx_checksum_ip_generic": "on", 
                "tx_checksum_ipv4": "off [fixed]", 
                "tx_checksum_ipv6": "off [fixed]", 
                "tx_checksum_sctp": "off [fixed]", 
                "tx_checksumming": "on", 
                "tx_fcoe_segmentation": "off [requested on]", 
                "tx_gre_csum_segmentation": "on", 
                "tx_gre_segmentation": "on", 
                "tx_gso_partial": "on", 
                "tx_gso_robust": "off [requested on]", 
                "tx_ipip_segmentation": "on", 
                "tx_lockless": "on [fixed]", 
                "tx_nocache_copy": "off", 
                "tx_scatter_gather": "on", 
                "tx_scatter_gather_fraglist": "on", 
                "tx_sctp_segmentation": "off [requested on]", 
                "tx_sit_segmentation": "on", 
                "tx_tcp6_segmentation": "on", 
                "tx_tcp_ecn_segmentation": "on", 
                "tx_tcp_mangleid_segmentation": "on", 
                "tx_tcp_segmentation": "on", 
                "tx_udp_tnl_csum_segmentation": "on", 
                "tx_udp_tnl_segmentation": "on", 
                "tx_vlan_offload": "on", 
                "tx_vlan_stag_hw_insert": "on", 
                "udp_fragmentation_offload": "off [requested on]", 
                "vlan_challenged": "off [fixed]"
            }, 
            "hw_timestamp_filters": [], 
            "id": "8000.5254005b6257", 
            "interfaces": [
                "virbr0-nic"
            ], 
            "ipv4": {
                "address": "192.168.122.1", 
                "broadcast": "192.168.122.255", 
                "netmask": "255.255.255.0", 
                "network": "192.168.122.0"
            }, 
            "macaddress": "52:54:00:5b:62:57", 
            "mtu": 1500, 
            "promisc": false, 
            "stp": true, 
            "timestamping": [
                "rx_software", 
                "software"
            ], 
            "type": "bridge"
        }, 
        "ansible_virbr0_nic": {
            "active": false, 
            "device": "virbr0-nic", 
            "features": {
                "busy_poll": "off [fixed]", 
                "fcoe_mtu": "off [fixed]", 
                "generic_receive_offload": "on", 
                "generic_segmentation_offload": "on", 
                "highdma": "off [fixed]", 
                "hw_tc_offload": "off [fixed]", 
                "l2_fwd_offload": "off [fixed]", 
                "large_receive_offload": "off [fixed]", 
                "loopback": "off [fixed]", 
                "netns_local": "off [fixed]", 
                "ntuple_filters": "off [fixed]", 
                "receive_hashing": "off [fixed]", 
                "rx_all": "off [fixed]", 
                "rx_checksumming": "off [fixed]", 
                "rx_fcs": "off [fixed]", 
                "rx_gro_hw": "off [fixed]", 
                "rx_udp_tunnel_port_offload": "off [fixed]", 
                "rx_vlan_filter": "off [fixed]", 
                "rx_vlan_offload": "off [fixed]", 
                "rx_vlan_stag_filter": "off [fixed]", 
                "rx_vlan_stag_hw_parse": "off [fixed]", 
                "scatter_gather": "on", 
                "tcp_segmentation_offload": "off", 
                "tx_checksum_fcoe_crc": "off [fixed]", 
                "tx_checksum_ip_generic": "off [requested on]", 
                "tx_checksum_ipv4": "off [fixed]", 
                "tx_checksum_ipv6": "off [fixed]", 
                "tx_checksum_sctp": "off [fixed]", 
                "tx_checksumming": "off", 
                "tx_fcoe_segmentation": "off [fixed]", 
                "tx_gre_csum_segmentation": "off [fixed]", 
                "tx_gre_segmentation": "off [fixed]", 
                "tx_gso_partial": "off [fixed]", 
                "tx_gso_robust": "off [fixed]", 
                "tx_ipip_segmentation": "off [fixed]", 
                "tx_lockless": "on [fixed]", 
                "tx_nocache_copy": "off", 
                "tx_scatter_gather": "on", 
                "tx_scatter_gather_fraglist": "on", 
                "tx_sctp_segmentation": "off [fixed]", 
                "tx_sit_segmentation": "off [fixed]", 
                "tx_tcp6_segmentation": "off [requested on]", 
                "tx_tcp_ecn_segmentation": "off [requested on]", 
                "tx_tcp_mangleid_segmentation": "off", 
                "tx_tcp_segmentation": "off [requested on]", 
                "tx_udp_tnl_csum_segmentation": "off [fixed]", 
                "tx_udp_tnl_segmentation": "off [fixed]", 
                "tx_vlan_offload": "on", 
                "tx_vlan_stag_hw_insert": "on", 
                "udp_fragmentation_offload": "off [requested on]", 
                "vlan_challenged": "off [fixed]"
            }, 
            "hw_timestamp_filters": [], 
            "macaddress": "52:54:00:5b:62:57", 
            "mtu": 1500, 
            "promisc": true, 
            "timestamping": [
                "rx_software", 
                "software"
            ], 
            "type": "ether"
        }, 
        "ansible_virtualization_role": "guest", 
        "ansible_virtualization_type": "virtualbox", 
        "discovered_interpreter_python": "/usr/bin/python", 
        "gather_subset": [
            "all"
        ], 
        "module_setup": true
    }, 
    "changed": false
}
2019-12-30 01:59:38,740 p=test1 u=4800 | Decryption successful
2019-12-30 02:02:36,940 p=test1 u=4873 | PLAY [webserver] *********************************************************************************************************
2019-12-30 02:02:37,028 p=test1 u=4873 | TASK [Gathering Facts] ***************************************************************************************************
2019-12-30 02:02:41,395 p=test1 u=4873 | ok: [server2.abc.com]
2019-12-30 02:02:41,501 p=test1 u=4873 | TASK [Install httpd package] *********************************************************************************************
2019-12-30 02:02:44,633 p=test1 u=4873 | ok: [server2.abc.com]
2019-12-30 02:02:44,752 p=test1 u=4873 | TASK [install apache2] ***************************************************************************************************
2019-12-30 02:02:44,922 p=test1 u=4873 | skipping: [server2.abc.com]
2019-12-30 02:02:45,101 p=test1 u=4873 | TASK [Copy index.html] ***************************************************************************************************
2019-12-30 02:02:48,096 p=test1 u=4873 | ok: [server2.abc.com]
2019-12-30 02:02:48,195 p=test1 u=4873 | TASK [Start httpd service] ***********************************************************************************************
2019-12-30 02:02:52,044 p=test1 u=4873 | changed: [server2.abc.com]
2019-12-30 02:02:52,050 p=test1 u=4873 | PLAY RECAP ***************************************************************************************************************
2019-12-30 02:02:52,050 p=test1 u=4873 | server2.abc.com            : ok=4    changed=1    unreachable=0    failed=0    skipped=1    rescued=0    ignored=0   
2019-12-30 02:05:12,303 p=test1 u=4956 | PLAY [webserver] *********************************************************************************************************
2019-12-30 02:05:12,345 p=test1 u=4956 | TASK [Gathering Facts] ***************************************************************************************************
2019-12-30 02:05:16,338 p=test1 u=4956 | ok: [server2.abc.com]
2019-12-30 02:05:16,414 p=test1 u=4956 | TASK [Install httpd package] *********************************************************************************************
2019-12-30 02:05:19,282 p=test1 u=4956 | ok: [server2.abc.com]
2019-12-30 02:05:19,357 p=test1 u=4956 | TASK [install apache2] ***************************************************************************************************
2019-12-30 02:05:19,474 p=test1 u=4956 | skipping: [server2.abc.com]
2019-12-30 02:05:19,555 p=test1 u=4956 | TASK [Copy index.html] ***************************************************************************************************
2019-12-30 02:05:22,406 p=test1 u=4956 | ok: [server2.abc.com]
2019-12-30 02:05:22,485 p=test1 u=4956 | TASK [Start httpd service] ***********************************************************************************************
2019-12-30 02:05:25,451 p=test1 u=4956 | ok: [server2.abc.com]
2019-12-30 02:05:25,457 p=test1 u=4956 | PLAY RECAP ***************************************************************************************************************
2019-12-30 02:05:25,457 p=test1 u=4956 | server2.abc.com            : ok=4    changed=0    unreachable=0    failed=0    skipped=1    rescued=0    ignored=0   
2019-12-30 02:09:18,688 p=test1 u=5100 | PLAY [webserver] *********************************************************************************************************
2019-12-30 02:09:18,720 p=test1 u=5100 | TASK [Gathering Facts] ***************************************************************************************************
2019-12-30 02:09:22,692 p=test1 u=5100 | ok: [server2.abc.com]
2019-12-30 02:09:22,776 p=test1 u=5100 | TASK [Install httpd package] *********************************************************************************************
2019-12-30 02:09:25,596 p=test1 u=5100 | ok: [server2.abc.com]
2019-12-30 02:09:25,681 p=test1 u=5100 | TASK [install apache2] ***************************************************************************************************
2019-12-30 02:09:25,778 p=test1 u=5100 | skipping: [server2.abc.com]
2019-12-30 02:09:25,859 p=test1 u=5100 | TASK [Copy index.html] ***************************************************************************************************
2019-12-30 02:09:28,708 p=test1 u=5100 | ok: [server2.abc.com]
2019-12-30 02:09:28,823 p=test1 u=5100 | TASK [debug] *************************************************************************************************************
2019-12-30 02:09:28,943 p=test1 u=5100 | ok: [server2.abc.com] => {
    "result": {
        "changed": false, 
        "checksum": "d57200648d6f3a355bdd9beb44ae71c54e0617b3", 
        "dest": "/var/www/html/index.html", 
        "diff": {
            "after": {
                "path": "/var/www/html/index.html"
            }, 
            "before": {
                "path": "/var/www/html/index.html"
            }
        }, 
        "failed": false, 
        "gid": 0, 
        "group": "root", 
        "mode": "0644", 
        "owner": "root", 
        "path": "/var/www/html/index.html", 
        "size": 36, 
        "state": "file", 
        "uid": 0
    }
}
2019-12-30 02:09:29,023 p=test1 u=5100 | TASK [Start httpd service] ***********************************************************************************************
2019-12-30 02:09:32,000 p=test1 u=5100 | ok: [server2.abc.com]
2019-12-30 02:09:32,005 p=test1 u=5100 | PLAY RECAP ***************************************************************************************************************
2019-12-30 02:09:32,006 p=test1 u=5100 | server2.abc.com            : ok=5    changed=0    unreachable=0    failed=0    skipped=1    rescued=0    ignored=0   
2019-12-30 02:11:18,265 p=test1 u=5190 | PLAY [webserver] *********************************************************************************************************
2019-12-30 02:11:18,306 p=test1 u=5190 | TASK [Gathering Facts] ***************************************************************************************************
2019-12-30 02:11:22,309 p=test1 u=5190 | ok: [server2.abc.com]
2019-12-30 02:11:22,391 p=test1 u=5190 | TASK [Install httpd package] *********************************************************************************************
2019-12-30 02:11:24,838 p=test1 u=5190 | ok: [server2.abc.com]
2019-12-30 02:11:24,918 p=test1 u=5190 | TASK [install apache2] ***************************************************************************************************
2019-12-30 02:11:25,046 p=test1 u=5190 | skipping: [server2.abc.com]
2019-12-30 02:11:25,123 p=test1 u=5190 | TASK [Copy index.html] ***************************************************************************************************
2019-12-30 02:11:28,262 p=test1 u=5190 | ok: [server2.abc.com]
2019-12-30 02:11:28,347 p=test1 u=5190 | TASK [debug] *************************************************************************************************************
2019-12-30 02:11:28,472 p=test1 u=5190 | ok: [server2.abc.com] => {
    "result": {
        "changed": false, 
        "checksum": "d57200648d6f3a355bdd9beb44ae71c54e0617b3", 
        "dest": "/var/www/html/index.html", 
        "diff": {
            "after": {
                "path": "/var/www/html/index.html"
            }, 
            "before": {
                "path": "/var/www/html/index.html"
            }
        }, 
        "failed": false, 
        "gid": 0, 
        "group": "root", 
        "mode": "0644", 
        "owner": "root", 
        "path": "/var/www/html/index.html", 
        "size": 36, 
        "state": "file", 
        "uid": 0
    }
}
2019-12-30 02:11:28,561 p=test1 u=5190 | TASK [Start httpd service] ***********************************************************************************************
2019-12-30 02:11:31,318 p=test1 u=5190 | ok: [server2.abc.com]
2019-12-30 02:11:31,468 p=test1 u=5190 | TASK [Start httpd service] ***********************************************************************************************
2019-12-30 02:11:31,679 p=test1 u=5190 | skipping: [server2.abc.com]
2019-12-30 02:11:31,687 p=test1 u=5190 | PLAY RECAP ***************************************************************************************************************
2019-12-30 02:11:31,688 p=test1 u=5190 | server2.abc.com            : ok=5    changed=0    unreachable=0    failed=0    skipped=2    rescued=0    ignored=0   
2019-12-30 02:13:35,477 p=test1 u=5279 | PLAY [webserver] *********************************************************************************************************
2019-12-30 02:13:35,511 p=test1 u=5279 | TASK [Gathering Facts] ***************************************************************************************************
2019-12-30 02:13:39,793 p=test1 u=5279 | ok: [server2.abc.com]
2019-12-30 02:13:39,879 p=test1 u=5279 | TASK [Install httpd package] *********************************************************************************************
2019-12-30 02:13:42,455 p=test1 u=5279 | ok: [server2.abc.com]
2019-12-30 02:13:42,545 p=test1 u=5279 | TASK [install apache2] ***************************************************************************************************
2019-12-30 02:13:42,658 p=test1 u=5279 | skipping: [server2.abc.com]
2019-12-30 02:13:42,737 p=test1 u=5279 | TASK [Copy index.html] ***************************************************************************************************
2019-12-30 02:13:45,893 p=test1 u=5279 | ok: [server2.abc.com]
2019-12-30 02:13:45,966 p=test1 u=5279 | TASK [debug] *************************************************************************************************************
2019-12-30 02:13:46,096 p=test1 u=5279 | ok: [server2.abc.com] => {
    "result.changed": false
}
2019-12-30 02:13:46,168 p=test1 u=5279 | TASK [Start httpd service] ***********************************************************************************************
2019-12-30 02:13:48,979 p=test1 u=5279 | ok: [server2.abc.com]
2019-12-30 02:13:49,134 p=test1 u=5279 | TASK [Start httpd service] ***********************************************************************************************
2019-12-30 02:13:51,650 p=test1 u=5279 | changed: [server2.abc.com]
2019-12-30 02:13:51,655 p=test1 u=5279 | PLAY RECAP ***************************************************************************************************************
2019-12-30 02:13:51,655 p=test1 u=5279 | server2.abc.com            : ok=6    changed=1    unreachable=0    failed=0    skipped=1    rescued=0    ignored=0   
2019-12-30 02:17:25,873 p=test1 u=5391 | PLAY [webserver] *********************************************************************************************************
2019-12-30 02:17:25,915 p=test1 u=5391 | TASK [Gathering Facts] ***************************************************************************************************
2019-12-30 02:17:29,955 p=test1 u=5391 | ok: [server2.abc.com]
2019-12-30 02:17:30,030 p=test1 u=5391 | TASK [Install httpd package] *********************************************************************************************
2019-12-30 02:17:32,943 p=test1 u=5391 | ok: [server2.abc.com]
2019-12-30 02:17:33,083 p=test1 u=5391 | TASK [install apache2] ***************************************************************************************************
2019-12-30 02:17:33,220 p=test1 u=5391 | skipping: [server2.abc.com]
2019-12-30 02:17:33,306 p=test1 u=5391 | TASK [Copy index.html] ***************************************************************************************************
2019-12-30 02:17:36,095 p=test1 u=5391 | ok: [server2.abc.com]
2019-12-30 02:17:36,175 p=test1 u=5391 | TASK [Start httpd service] ***********************************************************************************************
2019-12-30 02:17:39,113 p=test1 u=5391 | ok: [server2.abc.com]
2019-12-30 02:17:39,182 p=test1 u=5391 | TASK [Start httpd service] ***********************************************************************************************
2019-12-30 02:17:39,294 p=test1 u=5391 | fatal: [server2.abc.com]: FAILED! => {"msg": "The conditional check 'result.rc == 0' failed. The error was: error while evaluating conditional (result.rc == 0): 'dict object' has no attribute 'rc'\n\nThe error appears to be in '/home/test1/playbook/when.yml': line 21, column 8, but may\nbe elsewhere in the file depending on the exact syntax problem.\n\nThe offending line appears to be:\n\n       register: result\n     - name: Start httpd service\n       ^ here\n"}
2019-12-30 02:17:39,298 p=test1 u=5391 | PLAY RECAP ***************************************************************************************************************
2019-12-30 02:17:39,299 p=test1 u=5391 | server2.abc.com            : ok=4    changed=0    unreachable=0    failed=1    skipped=1    rescued=0    ignored=0   
2019-12-30 02:18:34,028 p=test1 u=5460 | PLAY [webserver] *********************************************************************************************************
2019-12-30 02:18:34,063 p=test1 u=5460 | TASK [Gathering Facts] ***************************************************************************************************
2019-12-30 02:18:37,517 p=test1 u=5460 | ok: [server2.abc.com]
2019-12-30 02:18:37,612 p=test1 u=5460 | TASK [Install httpd package] *********************************************************************************************
2019-12-30 02:18:40,383 p=test1 u=5460 | ok: [server2.abc.com]
2019-12-30 02:18:40,467 p=test1 u=5460 | TASK [install apache2] ***************************************************************************************************
2019-12-30 02:18:40,571 p=test1 u=5460 | skipping: [server2.abc.com]
2019-12-30 02:18:40,655 p=test1 u=5460 | TASK [Copy index.html] ***************************************************************************************************
2019-12-30 02:18:43,700 p=test1 u=5460 | ok: [server2.abc.com]
2019-12-30 02:18:43,792 p=test1 u=5460 | TASK [Start httpd service] ***********************************************************************************************
2019-12-30 02:18:46,719 p=test1 u=5460 | ok: [server2.abc.com]
2019-12-30 02:18:46,801 p=test1 u=5460 | TASK [Start httpd service] ***********************************************************************************************
2019-12-30 02:18:46,927 p=test1 u=5460 | fatal: [server2.abc.com]: FAILED! => {"msg": "The conditional check 'result.rc == 0' failed. The error was: error while evaluating conditional (result.rc == 0): 'dict object' has no attribute 'rc'\n\nThe error appears to be in '/home/test1/playbook/when.yml': line 21, column 8, but may\nbe elsewhere in the file depending on the exact syntax problem.\n\nThe offending line appears to be:\n\n       register: result\n     - name: Start httpd service\n       ^ here\n"}
2019-12-30 02:18:46,929 p=test1 u=5460 | PLAY RECAP ***************************************************************************************************************
2019-12-30 02:18:46,930 p=test1 u=5460 | server2.abc.com            : ok=4    changed=0    unreachable=0    failed=1    skipped=1    rescued=0    ignored=0   
2019-12-30 02:21:02,059 p=test1 u=5546 | PLAY [webserver] *********************************************************************************************************
2019-12-30 02:21:02,097 p=test1 u=5546 | TASK [Gathering Facts] ***************************************************************************************************
2019-12-30 02:21:05,942 p=test1 u=5546 | ok: [server2.abc.com]
2019-12-30 02:21:06,031 p=test1 u=5546 | TASK [Install httpd package] *********************************************************************************************
2019-12-30 02:21:08,827 p=test1 u=5546 | ok: [server2.abc.com]
2019-12-30 02:21:08,900 p=test1 u=5546 | TASK [install apache2] ***************************************************************************************************
2019-12-30 02:21:09,022 p=test1 u=5546 | skipping: [server2.abc.com]
2019-12-30 02:21:09,092 p=test1 u=5546 | TASK [Copy index.html] ***************************************************************************************************
2019-12-30 02:21:11,907 p=test1 u=5546 | ok: [server2.abc.com]
2019-12-30 02:21:11,984 p=test1 u=5546 | TASK [Start httpd service] ***********************************************************************************************
2019-12-30 02:21:14,917 p=test1 u=5546 | ok: [server2.abc.com]
2019-12-30 02:21:14,994 p=test1 u=5546 | TASK [debug] *************************************************************************************************************
2019-12-30 02:21:15,111 p=test1 u=5546 | ok: [server2.abc.com] => {
    "result.rc": "VARIABLE IS NOT DEFINED!"
}
2019-12-30 02:21:15,187 p=test1 u=5546 | TASK [Start httpd service] ***********************************************************************************************
2019-12-30 02:21:15,312 p=test1 u=5546 | fatal: [server2.abc.com]: FAILED! => {"msg": "The conditional check 'result.rc == 0' failed. The error was: error while evaluating conditional (result.rc == 0): 'dict object' has no attribute 'rc'\n\nThe error appears to be in '/home/test1/playbook/when.yml': line 21, column 18, but may\nbe elsewhere in the file depending on the exact syntax problem.\n\nThe offending line appears to be:\n\n     - debug: var=result.rc\n                 ^ here\n\nThere appears to be both 'k=v' shorthand syntax and YAML in this task. Only one syntax may be used.\n"}
2019-12-30 02:21:15,315 p=test1 u=5546 | PLAY RECAP ***************************************************************************************************************
2019-12-30 02:21:15,316 p=test1 u=5546 | server2.abc.com            : ok=5    changed=0    unreachable=0    failed=1    skipped=1    rescued=0    ignored=0   
2019-12-30 02:21:59,559 p=test1 u=5624 | PLAY [webserver] *********************************************************************************************************
2019-12-30 02:21:59,596 p=test1 u=5624 | TASK [Gathering Facts] ***************************************************************************************************
2019-12-30 02:22:03,444 p=test1 u=5624 | ok: [server2.abc.com]
2019-12-30 02:22:03,540 p=test1 u=5624 | TASK [Install httpd package] *********************************************************************************************
2019-12-30 02:22:05,936 p=test1 u=5624 | ok: [server2.abc.com]
2019-12-30 02:22:06,013 p=test1 u=5624 | TASK [install apache2] ***************************************************************************************************
2019-12-30 02:22:06,119 p=test1 u=5624 | skipping: [server2.abc.com]
2019-12-30 02:22:06,201 p=test1 u=5624 | TASK [Copy index.html] ***************************************************************************************************
2019-12-30 02:22:09,331 p=test1 u=5624 | ok: [server2.abc.com]
2019-12-30 02:22:09,414 p=test1 u=5624 | TASK [Start httpd service] ***********************************************************************************************
2019-12-30 02:22:11,020 p=test1 u=5624 | changed: [server2.abc.com]
2019-12-30 02:22:11,107 p=test1 u=5624 | TASK [debug] *************************************************************************************************************
2019-12-30 02:22:11,239 p=test1 u=5624 | ok: [server2.abc.com] => {
    "result.rc": "0"
}
2019-12-30 02:22:11,318 p=test1 u=5624 | TASK [Start httpd service] ***********************************************************************************************
2019-12-30 02:22:15,732 p=test1 u=5624 | changed: [server2.abc.com]
2019-12-30 02:22:15,736 p=test1 u=5624 | PLAY RECAP ***************************************************************************************************************
2019-12-30 02:22:15,737 p=test1 u=5624 | server2.abc.com            : ok=6    changed=2    unreachable=0    failed=0    skipped=1    rescued=0    ignored=0   
2019-12-30 02:23:44,676 p=test1 u=5718 | PLAY [webserver] *********************************************************************************************************
2019-12-30 02:23:44,709 p=test1 u=5718 | TASK [Gathering Facts] ***************************************************************************************************
2019-12-30 02:23:48,646 p=test1 u=5718 | ok: [server2.abc.com]
2019-12-30 02:23:48,727 p=test1 u=5718 | TASK [Install httpd package] *********************************************************************************************
2019-12-30 02:23:51,167 p=test1 u=5718 | ok: [server2.abc.com]
2019-12-30 02:23:51,244 p=test1 u=5718 | TASK [install apache2] ***************************************************************************************************
2019-12-30 02:23:51,412 p=test1 u=5718 | skipping: [server2.abc.com]
2019-12-30 02:23:51,576 p=test1 u=5718 | TASK [Copy index.html] ***************************************************************************************************
2019-12-30 02:23:54,479 p=test1 u=5718 | ok: [server2.abc.com]
2019-12-30 02:23:54,563 p=test1 u=5718 | TASK [Start httpd service] ***********************************************************************************************
2019-12-30 02:23:56,052 p=test1 u=5718 | changed: [server2.abc.com]
2019-12-30 02:23:56,123 p=test1 u=5718 | TASK [debug] *************************************************************************************************************
2019-12-30 02:23:56,253 p=test1 u=5718 | ok: [server2.abc.com] => {
    "result": {
        "changed": true, 
        "cmd": [
            "systemctl", 
            "start", 
            "httpd"
        ], 
        "delta": "0:00:00.050698", 
        "end": "2019-12-30 02:23:55.896293", 
        "failed": false, 
        "rc": 0, 
        "start": "2019-12-30 02:23:55.845595", 
        "stderr": "", 
        "stderr_lines": [], 
        "stdout": "", 
        "stdout_lines": []
    }
}
2019-12-30 02:23:56,347 p=test1 u=5718 | TASK [Start httpd service] ***********************************************************************************************
2019-12-30 02:24:00,451 p=test1 u=5718 | changed: [server2.abc.com]
2019-12-30 02:24:00,458 p=test1 u=5718 | PLAY RECAP ***************************************************************************************************************
2019-12-30 02:24:00,459 p=test1 u=5718 | server2.abc.com            : ok=6    changed=2    unreachable=0    failed=0    skipped=1    rescued=0    ignored=0   
2019-12-30 02:29:24,557 p=test1 u=5844 | PLAY [webserver] *********************************************************************************************************
2019-12-30 02:29:24,597 p=test1 u=5844 | TASK [Gathering Facts] ***************************************************************************************************
2019-12-30 02:29:28,566 p=test1 u=5844 | ok: [server2.abc.com]
2019-12-30 02:29:28,646 p=test1 u=5844 | TASK [Install httpd package] *********************************************************************************************
2019-12-30 02:29:31,412 p=test1 u=5844 | ok: [server2.abc.com]
2019-12-30 02:29:31,523 p=test1 u=5844 | TASK [install apache2] ***************************************************************************************************
2019-12-30 02:29:31,626 p=test1 u=5844 | skipping: [server2.abc.com]
2019-12-30 02:29:31,709 p=test1 u=5844 | TASK [Copy index.html] ***************************************************************************************************
2019-12-30 02:29:34,573 p=test1 u=5844 | ok: [server2.abc.com]
2019-12-30 02:29:34,672 p=test1 u=5844 | TASK [Start httpd service] ***********************************************************************************************
2019-12-30 02:29:35,999 p=test1 u=5844 | fatal: [server2.abc.com -> localhost]: FAILED! => {"changed": true, "cmd": ["systemctl", "start", "httpd"], "delta": "0:00:00.049615", "end": "2019-12-30 02:29:35.930451", "msg": "non-zero return code", "rc": 5, "start": "2019-12-30 02:29:35.880836", "stderr": "Failed to start httpd.service: Unit not found.", "stderr_lines": ["Failed to start httpd.service: Unit not found."], "stdout": "", "stdout_lines": []}
2019-12-30 02:29:36,006 p=test1 u=5844 | PLAY RECAP ***************************************************************************************************************
2019-12-30 02:29:36,007 p=test1 u=5844 | server2.abc.com            : ok=3    changed=0    unreachable=0    failed=1    skipped=1    rescued=0    ignored=0   
2019-12-30 02:29:58,915 p=test1 u=5918 | PLAY [webserver] *********************************************************************************************************
2019-12-30 02:29:58,948 p=test1 u=5918 | TASK [Gathering Facts] ***************************************************************************************************
2019-12-30 02:30:02,548 p=test1 u=5918 | ok: [server2.abc.com]
2019-12-30 02:30:02,638 p=test1 u=5918 | TASK [Install httpd package] *********************************************************************************************
2019-12-30 02:30:05,564 p=test1 u=5918 | ok: [server2.abc.com]
2019-12-30 02:30:05,647 p=test1 u=5918 | TASK [install apache2] ***************************************************************************************************
2019-12-30 02:30:05,763 p=test1 u=5918 | skipping: [server2.abc.com]
2019-12-30 02:30:05,852 p=test1 u=5918 | TASK [Copy index.html] ***************************************************************************************************
2019-12-30 02:30:08,639 p=test1 u=5918 | ok: [server2.abc.com]
2019-12-30 02:30:08,732 p=test1 u=5918 | TASK [Start httpd service] ***********************************************************************************************
2019-12-30 02:30:10,114 p=test1 u=5918 | fatal: [server2.abc.com -> localhost]: FAILED! => {"changed": true, "cmd": ["systemctl", "start", "httpd"], "delta": "0:00:00.015602", "end": "2019-12-30 02:30:10.032970", "msg": "non-zero return code", "rc": 5, "start": "2019-12-30 02:30:10.017368", "stderr": "Failed to start httpd.service: Unit not found.", "stderr_lines": ["Failed to start httpd.service: Unit not found."], "stdout": "", "stdout_lines": []}
2019-12-30 02:30:10,119 p=test1 u=5918 | PLAY RECAP ***************************************************************************************************************
2019-12-30 02:30:10,119 p=test1 u=5918 | server2.abc.com            : ok=3    changed=0    unreachable=0    failed=1    skipped=1    rescued=0    ignored=0   
2019-12-30 02:32:00,755 p=test1 u=6063 | PLAY [webserver] *********************************************************************************************************
2019-12-30 02:32:00,872 p=test1 u=6063 | TASK [Gathering Facts] ***************************************************************************************************
2019-12-30 02:32:06,311 p=test1 u=6063 | ok: [server2.abc.com]
2019-12-30 02:32:06,445 p=test1 u=6063 | TASK [Install httpd package] *********************************************************************************************
2019-12-30 02:32:08,949 p=test1 u=6063 | ok: [server2.abc.com]
2019-12-30 02:32:09,023 p=test1 u=6063 | TASK [install apache2] ***************************************************************************************************
2019-12-30 02:32:09,140 p=test1 u=6063 | skipping: [server2.abc.com]
2019-12-30 02:32:09,235 p=test1 u=6063 | TASK [Copy index.html] ***************************************************************************************************
2019-12-30 02:32:12,486 p=test1 u=6063 | ok: [server2.abc.com]
2019-12-30 02:32:12,597 p=test1 u=6063 | TASK [Start httpd service] ***********************************************************************************************
2019-12-30 02:32:14,336 p=test1 u=6063 | changed: [server2.abc.com -> localhost]
2019-12-30 02:32:14,431 p=test1 u=6063 | TASK [debug] *************************************************************************************************************
2019-12-30 02:32:14,555 p=test1 u=6063 | ok: [server2.abc.com] => {
    "result": "VARIABLE IS NOT DEFINED!"
}
2019-12-30 02:32:14,650 p=test1 u=6063 | TASK [Start httpd service] ***********************************************************************************************
2019-12-30 02:32:14,767 p=test1 u=6063 | fatal: [server2.abc.com]: FAILED! => {"msg": "The conditional check 'result.rc == 0' failed. The error was: error while evaluating conditional (result.rc == 0): 'result' is undefined\n\nThe error appears to be in '/home/test1/playbook/when.yml': line 23, column 18, but may\nbe elsewhere in the file depending on the exact syntax problem.\n\nThe offending line appears to be:\n\n     - debug: var=result\n                 ^ here\n\nThere appears to be both 'k=v' shorthand syntax and YAML in this task. Only one syntax may be used.\n"}
2019-12-30 02:32:14,771 p=test1 u=6063 | PLAY RECAP ***************************************************************************************************************
2019-12-30 02:32:14,772 p=test1 u=6063 | server2.abc.com            : ok=5    changed=1    unreachable=0    failed=1    skipped=1    rescued=0    ignored=0   
2019-12-30 02:32:38,889 p=test1 u=6166 | PLAY [webserver] *********************************************************************************************************
2019-12-30 02:32:38,925 p=test1 u=6166 | TASK [Gathering Facts] ***************************************************************************************************
2019-12-30 02:32:42,495 p=test1 u=6166 | ok: [server2.abc.com]
2019-12-30 02:32:42,609 p=test1 u=6166 | TASK [Install httpd package] *********************************************************************************************
2019-12-30 02:32:45,327 p=test1 u=6166 | ok: [server2.abc.com]
2019-12-30 02:32:45,401 p=test1 u=6166 | TASK [install apache2] ***************************************************************************************************
2019-12-30 02:32:45,622 p=test1 u=6166 | skipping: [server2.abc.com]
2019-12-30 02:32:45,716 p=test1 u=6166 | TASK [Copy index.html] ***************************************************************************************************
2019-12-30 02:32:48,452 p=test1 u=6166 | ok: [server2.abc.com]
2019-12-30 02:32:48,556 p=test1 u=6166 | TASK [Start httpd service] ***********************************************************************************************
2019-12-30 02:32:49,965 p=test1 u=6166 | changed: [server2.abc.com -> localhost]
2019-12-30 02:32:50,041 p=test1 u=6166 | TASK [debug] *************************************************************************************************************
2019-12-30 02:32:50,182 p=test1 u=6166 | ok: [server2.abc.com] => {
    "result": "VARIABLE IS NOT DEFINED!"
}
2019-12-30 02:32:50,260 p=test1 u=6166 | TASK [Start httpd service] ***********************************************************************************************
2019-12-30 02:32:54,007 p=test1 u=6166 | changed: [server2.abc.com]
2019-12-30 02:32:54,012 p=test1 u=6166 | PLAY RECAP ***************************************************************************************************************
2019-12-30 02:32:54,012 p=test1 u=6166 | server2.abc.com            : ok=6    changed=2    unreachable=0    failed=0    skipped=1    rescued=0    ignored=0   
